


ARM Macro Assembler    Page 1 


    1 00000000                 AREA             mydata, DATA, READWRITE
    2 00000000                 export           in_ptr
    3 00000000                 export           out_ptr
    4 00000000                 export           kal_ptr
    5 00000000                 export           arr_length
    6 00000000                 export           out_index
    7 00000000         
    8 00000000 00000000 
                       in_ptr  DCD              0
    9 00000004 00000000 
                       out_ptr DCD              0
   10 00000008 00000000 
                       kal_ptr DCD              0
   11 0000000C 00000000 
                       arr_length
                               DCD              0
   12 00000010 00000000 
                       out_index
                               DCD              0
   13 00000014         
   14 00000014                 END
Command Line: --debug --xref --diag_suppress=9931 --cpu=Cortex-M4.fp --apcs=int
erwork --depend=.\objects\memory.d -o.\objects\memory.o -IC:\Users\fobrie\Micro
Processors\lab1git\lab1\RTE -IC:\Keil_v5\ARM\PACK\ARM\CMSIS\4.5.0\CMSIS\Include
 -IC:\Keil_v5\ARM\PACK\Keil\STM32F4xx_DFP\2.7.0\Drivers\CMSIS\Device\ST\STM32F4
xx\Include --predefine="__UVISION_VERSION SETA 515" --predefine="_RTE_ SETA 1" 
--predefine="STM32F407xx SETA 1" --list=.\listings\memory.lst Sources\Memory.s



ARM Macro Assembler    Page 1 Alphabetic symbol ordering
Relocatable symbols

arr_length 0000000C

Symbol: arr_length
   Definitions
      At line 11 in file Sources\Memory.s
   Uses
      At line 5 in file Sources\Memory.s
Comment: arr_length used once
in_ptr 00000000

Symbol: in_ptr
   Definitions
      At line 8 in file Sources\Memory.s
   Uses
      At line 2 in file Sources\Memory.s
Comment: in_ptr used once
kal_ptr 00000008

Symbol: kal_ptr
   Definitions
      At line 10 in file Sources\Memory.s
   Uses
      At line 4 in file Sources\Memory.s
Comment: kal_ptr used once
mydata 00000000

Symbol: mydata
   Definitions
      At line 1 in file Sources\Memory.s
   Uses
      None
Comment: mydata unused
out_index 00000010

Symbol: out_index
   Definitions
      At line 12 in file Sources\Memory.s
   Uses
      At line 6 in file Sources\Memory.s
Comment: out_index used once
out_ptr 00000004

Symbol: out_ptr
   Definitions
      At line 9 in file Sources\Memory.s
   Uses
      At line 3 in file Sources\Memory.s
Comment: out_ptr used once
6 symbols
339 symbols in table
